{"numTotalTestSuites":209,"numPassedTestSuites":209,"numFailedTestSuites":0,"numPendingTestSuites":0,"numTotalTests":589,"numPassedTests":575,"numFailedTests":0,"numPendingTests":14,"numTodoTests":0,"snapshot":{"added":0,"failure":false,"filesAdded":0,"filesRemoved":0,"filesRemovedList":[],"filesUnmatched":0,"filesUpdated":0,"matched":0,"total":0,"unchecked":0,"uncheckedKeysByFile":[],"unmatched":0,"updated":0,"didUpdate":false},"startTime":1768510000702,"success":true,"testResults":[{"assertionResults":[{"ancestorTitles":["cli-args"],"fullName":"cli-args detects tweet URLs","status":"passed","title":"detects tweet URLs","duration":0.7717090000000013,"failureMessages":[],"meta":{}},{"ancestorTitles":["cli-args"],"fullName":"cli-args detects numeric tweet ids","status":"passed","title":"detects numeric tweet ids","duration":0.09137499999999932,"failureMessages":[],"meta":{}},{"ancestorTitles":["cli-args"],"fullName":"cli-args returns help for empty args","status":"passed","title":"returns help for empty args","duration":0.09675000000000011,"failureMessages":[],"meta":{}},{"ancestorTitles":["cli-args"],"fullName":"cli-args rewrites bare tweet url to read command","status":"passed","title":"rewrites bare tweet url to read command","duration":0.2692090000000036,"failureMessages":[],"meta":{}},{"ancestorTitles":["cli-args"],"fullName":"cli-args rewrites bare tweet id to read command","status":"passed","title":"rewrites bare tweet id to read command","duration":0.0644580000000019,"failureMessages":[],"meta":{}},{"ancestorTitles":["cli-args"],"fullName":"cli-args preserves leading options before inferred read command","status":"passed","title":"preserves leading options before inferred read command","duration":0.048917000000002986,"failureMessages":[],"meta":{}},{"ancestorTitles":["cli-args"],"fullName":"cli-args does not rewrite when a known command is provided","status":"passed","title":"does not rewrite when a known command is provided","duration":0.03504100000000676,"failureMessages":[],"meta":{}},{"ancestorTitles":["cli-args"],"fullName":"cli-args does not rewrite unknown commands","status":"passed","title":"does not rewrite unknown commands","duration":0.052250000000000796,"failureMessages":[],"meta":{}}],"startTime":1768510002878,"endTime":1768510002879.2693,"status":"passed","message":"","name":"/Users/jamiecraik/dev/xKit/tests/cli-args.test.ts"},{"assertionResults":[{"ancestorTitles":["cli shared","parseIntegerOption"],"fullName":"cli shared parseIntegerOption parses integers (happy path)","status":"passed","title":"parses integers (happy path)","duration":0.48120899999999267,"failureMessages":[],"meta":{}},{"ancestorTitles":["cli shared","parseIntegerOption"],"fullName":"cli shared parseIntegerOption trims whitespace before parsing","status":"passed","title":"trims whitespace before parsing","duration":0.0953750000000042,"failureMessages":[],"meta":{}},{"ancestorTitles":["cli shared","parseIntegerOption"],"fullName":"cli shared parseIntegerOption rejects non-integer strings with a clear error","status":"passed","title":"rejects non-integer strings with a clear error","duration":0.05808300000001054,"failureMessages":[],"meta":{}},{"ancestorTitles":["cli shared","parseIntegerOption"],"fullName":"cli shared parseIntegerOption rejects values below the minimum","status":"passed","title":"rejects values below the minimum","duration":0.055374999999997954,"failureMessages":[],"meta":{}}],"startTime":1768510003046,"endTime":1768510003047.0955,"status":"passed","message":"","name":"/Users/jamiecraik/dev/xKit/tests/cli-shared.test.ts"},{"assertionResults":[{"ancestorTitles":["CLI utilities","extractTweetId"],"fullName":"CLI utilities extractTweetId should extract ID from x.com URL","status":"passed","title":"should extract ID from x.com URL","duration":0.5095409999999987,"failureMessages":[],"meta":{}},{"ancestorTitles":["CLI utilities","extractTweetId"],"fullName":"CLI utilities extractTweetId should extract ID from twitter.com URL","status":"passed","title":"should extract ID from twitter.com URL","duration":0.10245800000001282,"failureMessages":[],"meta":{}},{"ancestorTitles":["CLI utilities","extractTweetId"],"fullName":"CLI utilities extractTweetId should extract ID from URL with query params","status":"passed","title":"should extract ID from URL with query params","duration":0.04316599999999937,"failureMessages":[],"meta":{}},{"ancestorTitles":["CLI utilities","extractTweetId"],"fullName":"CLI utilities extractTweetId should extract ID from i/web/status URLs","status":"passed","title":"should extract ID from i/web/status URLs","duration":0.052333000000004404,"failureMessages":[],"meta":{}},{"ancestorTitles":["CLI utilities","extractTweetId"],"fullName":"CLI utilities extractTweetId should extract ID from i/status URLs","status":"passed","title":"should extract ID from i/status URLs","duration":0.04708300000000065,"failureMessages":[],"meta":{}},{"ancestorTitles":["CLI utilities","extractTweetId"],"fullName":"CLI utilities extractTweetId should trim whitespace around tweet URLs","status":"passed","title":"should trim whitespace around tweet URLs","duration":0.03345900000000768,"failureMessages":[],"meta":{}},{"ancestorTitles":["CLI utilities","extractTweetId"],"fullName":"CLI utilities extractTweetId should return ID as-is if already an ID","status":"passed","title":"should return ID as-is if already an ID","duration":0.03220799999999713,"failureMessages":[],"meta":{}},{"ancestorTitles":["CLI utilities","extractTweetId"],"fullName":"CLI utilities extractTweetId should trim whitespace around raw tweet IDs","status":"passed","title":"should trim whitespace around raw tweet IDs","duration":0.03612500000001262,"failureMessages":[],"meta":{}},{"ancestorTitles":["CLI utilities","extractTweetId"],"fullName":"CLI utilities extractTweetId should handle URLs with www prefix","status":"passed","title":"should handle URLs with www prefix","duration":0.03983300000000156,"failureMessages":[],"meta":{}},{"ancestorTitles":["CLI utilities","extractBookmarkFolderId"],"fullName":"CLI utilities extractBookmarkFolderId should extract ID from x.com bookmarks URL","status":"passed","title":"should extract ID from x.com bookmarks URL","duration":0.09375,"failureMessages":[],"meta":{}},{"ancestorTitles":["CLI utilities","extractBookmarkFolderId"],"fullName":"CLI utilities extractBookmarkFolderId should extract ID from twitter.com bookmarks URL","status":"passed","title":"should extract ID from twitter.com bookmarks URL","duration":0.056708000000000425,"failureMessages":[],"meta":{}},{"ancestorTitles":["CLI utilities","extractBookmarkFolderId"],"fullName":"CLI utilities extractBookmarkFolderId should accept a numeric ID as-is","status":"passed","title":"should accept a numeric ID as-is","duration":0.03441599999999312,"failureMessages":[],"meta":{}},{"ancestorTitles":["CLI utilities","extractBookmarkFolderId"],"fullName":"CLI utilities extractBookmarkFolderId should return null for invalid values","status":"passed","title":"should return null for invalid values","duration":0.04004199999999969,"failureMessages":[],"meta":{}},{"ancestorTitles":["CLI utilities","extractBookmarkFolderId"],"fullName":"CLI utilities extractBookmarkFolderId should return null for folder_id query URLs","status":"passed","title":"should return null for folder_id query URLs","duration":0.021667000000007874,"failureMessages":[],"meta":{}},{"ancestorTitles":["CLI utilities","extractListId"],"fullName":"CLI utilities extractListId should extract ID from x.com list URL","status":"passed","title":"should extract ID from x.com list URL","duration":0.04479199999998684,"failureMessages":[],"meta":{}},{"ancestorTitles":["CLI utilities","extractListId"],"fullName":"CLI utilities extractListId should extract ID from twitter.com list URL","status":"passed","title":"should extract ID from twitter.com list URL","duration":0.03437499999999716,"failureMessages":[],"meta":{}},{"ancestorTitles":["CLI utilities","extractListId"],"fullName":"CLI utilities extractListId should extract ID from URL with query params","status":"passed","title":"should extract ID from URL with query params","duration":0.020041000000006193,"failureMessages":[],"meta":{}},{"ancestorTitles":["CLI utilities","extractListId"],"fullName":"CLI utilities extractListId should accept a numeric ID as-is","status":"passed","title":"should accept a numeric ID as-is","duration":0.01958299999999724,"failureMessages":[],"meta":{}},{"ancestorTitles":["CLI utilities","extractListId"],"fullName":"CLI utilities extractListId should return null for invalid values","status":"passed","title":"should return null for invalid values","duration":0.01895799999999781,"failureMessages":[],"meta":{}},{"ancestorTitles":["CLI utilities","extractListId"],"fullName":"CLI utilities extractListId should return null for empty string","status":"passed","title":"should return null for empty string","duration":0.018165999999993687,"failureMessages":[],"meta":{}},{"ancestorTitles":["CLI utilities","extractListId"],"fullName":"CLI utilities extractListId should return null for whitespace-only string","status":"passed","title":"should return null for whitespace-only string","duration":0.021042000000008443,"failureMessages":[],"meta":{}},{"ancestorTitles":["CLI utilities","extractListId"],"fullName":"CLI utilities extractListId should return null for short numeric IDs","status":"passed","title":"should return null for short numeric IDs","duration":0.026124999999993292,"failureMessages":[],"meta":{}},{"ancestorTitles":["CLI utilities","extractListId"],"fullName":"CLI utilities extractListId should accept minimum 5-digit IDs","status":"passed","title":"should accept minimum 5-digit IDs","duration":0.020375000000001364,"failureMessages":[],"meta":{}},{"ancestorTitles":["CLI utilities","extractListId"],"fullName":"CLI utilities extractListId should trim whitespace from input","status":"passed","title":"should trim whitespace from input","duration":0.025083000000009292,"failureMessages":[],"meta":{}},{"ancestorTitles":["CLI utilities","extractListId"],"fullName":"CLI utilities extractListId should extract ID from URL with fragment","status":"passed","title":"should extract ID from URL with fragment","duration":0.02304200000000378,"failureMessages":[],"meta":{}}],"startTime":1768510002803,"endTime":1768510002805.0447,"status":"passed","message":"","name":"/Users/jamiecraik/dev/xKit/tests/cli.test.ts"},{"assertionResults":[{"ancestorTitles":["export-bookmarks command"],"fullName":"export-bookmarks command registers the export-bookmarks command","status":"passed","title":"registers the export-bookmarks command","duration":0.942417000000006,"failureMessages":[],"meta":{}},{"ancestorTitles":["export-bookmarks command"],"fullName":"export-bookmarks command has the expected options","status":"passed","title":"has the expected options","duration":0.4335829999999987,"failureMessages":[],"meta":{}}],"startTime":1768510002950,"endTime":1768510002951.4336,"status":"passed","message":"","name":"/Users/jamiecraik/dev/xKit/tests/commands.bookmark-export.test.ts"},{"assertionResults":[{"ancestorTitles":["bookmarks command"],"fullName":"bookmarks command requires --all or --cursor when --max-pages is provided","status":"passed","title":"requires --all or --cursor when --max-pages is provided","duration":3.0752079999999893,"failureMessages":[],"meta":{}},{"ancestorTitles":["bookmarks command"],"fullName":"bookmarks command exits 2 when --folder-id is invalid","status":"passed","title":"exits 2 when --folder-id is invalid","duration":0.7001249999999999,"failureMessages":[],"meta":{}}],"startTime":1768510002755,"endTime":1768510002759.7002,"status":"passed","message":"","name":"/Users/jamiecraik/dev/xKit/tests/commands.bookmarks.test.ts"},{"assertionResults":[{"ancestorTitles":["cookies","resolveCredentials"],"fullName":"cookies resolveCredentials honors cookieSource=firefox even when Safari has cookies","status":"passed","title":"honors cookieSource=firefox even when Safari has cookies","duration":7.1152079999999955,"failureMessages":[],"meta":{}},{"ancestorTitles":["cookies","resolveCredentials"],"fullName":"cookies resolveCredentials honors cookieSource=safari","status":"passed","title":"honors cookieSource=safari","duration":0.48466700000000174,"failureMessages":[],"meta":{}},{"ancestorTitles":["cookies","resolveCredentials"],"fullName":"cookies resolveCredentials uses firefox when enabled and returns cookies","status":"passed","title":"uses firefox when enabled and returns cookies","duration":0.363749999999996,"failureMessages":[],"meta":{}},{"ancestorTitles":["cookies","resolveCredentials"],"fullName":"cookies resolveCredentials should prioritize CLI arguments over env vars","status":"passed","title":"should prioritize CLI arguments over env vars","duration":0.30295800000000384,"failureMessages":[],"meta":{}},{"ancestorTitles":["cookies","resolveCredentials"],"fullName":"cookies resolveCredentials should use AUTH_TOKEN env var","status":"passed","title":"should use AUTH_TOKEN env var","duration":0.2709159999999997,"failureMessages":[],"meta":{}},{"ancestorTitles":["cookies","resolveCredentials"],"fullName":"cookies resolveCredentials should use TWITTER_AUTH_TOKEN env var as fallback","status":"passed","title":"should use TWITTER_AUTH_TOKEN env var as fallback","duration":0.23366599999999949,"failureMessages":[],"meta":{}},{"ancestorTitles":["cookies","resolveCredentials"],"fullName":"cookies resolveCredentials should trim whitespace from values","status":"passed","title":"should trim whitespace from values","duration":0.22216600000000142,"failureMessages":[],"meta":{}},{"ancestorTitles":["cookies","resolveCredentials"],"fullName":"cookies resolveCredentials should treat empty strings as null","status":"passed","title":"should treat empty strings as null","duration":0.26462500000000944,"failureMessages":[],"meta":{}},{"ancestorTitles":["cookies","resolveCredentials"],"fullName":"cookies resolveCredentials should warn when credentials are missing","status":"passed","title":"should warn when credentials are missing","duration":0.49499999999999034,"failureMessages":[],"meta":{}},{"ancestorTitles":["cookies","resolveCredentials"],"fullName":"cookies resolveCredentials falls back to Chrome when enabled and Firefox disabled","status":"passed","title":"falls back to Chrome when enabled and Firefox disabled","duration":0.2571669999999955,"failureMessages":[],"meta":{}},{"ancestorTitles":["cookies","resolveCredentials"],"fullName":"cookies resolveCredentials defaults to a 30s cookie timeout on macOS","status":"passed","title":"defaults to a 30s cookie timeout on macOS","duration":0.20708399999999472,"failureMessages":[],"meta":{}},{"ancestorTitles":["cookies","resolveCredentials"],"fullName":"cookies resolveCredentials uses default browser order when cookieSource is omitted","status":"passed","title":"uses default browser order when cookieSource is omitted","duration":0.21154099999999687,"failureMessages":[],"meta":{}},{"ancestorTitles":["cookies","resolveCredentials"],"fullName":"cookies resolveCredentials prefers twitter.com cookies when x.com is missing","status":"passed","title":"prefers twitter.com cookies when x.com is missing","duration":0.17866700000000435,"failureMessages":[],"meta":{}},{"ancestorTitles":["cookies","resolveCredentials"],"fullName":"cookies resolveCredentials falls back to the first cookie when no domain matches","status":"passed","title":"falls back to the first cookie when no domain matches","duration":0.17454200000000242,"failureMessages":[],"meta":{}},{"ancestorTitles":["cookies","extractCookiesFromSafari"],"fullName":"cookies extractCookiesFromSafari returns cookies from Safari","status":"passed","title":"returns cookies from Safari","duration":0.18658299999999883,"failureMessages":[],"meta":{}},{"ancestorTitles":["cookies","extractCookiesFromSafari"],"fullName":"cookies extractCookiesFromSafari prefers Safari over Chrome when both are available","status":"passed","title":"prefers Safari over Chrome when both are available","duration":0.6023330000000016,"failureMessages":[],"meta":{}},{"ancestorTitles":["cookies","extractCookiesFromChrome"],"fullName":"cookies extractCookiesFromChrome returns cookies when Chrome yields values","status":"passed","title":"returns cookies when Chrome yields values","duration":0.4408329999999978,"failureMessages":[],"meta":{}},{"ancestorTitles":["cookies","extractCookiesFromChrome"],"fullName":"cookies extractCookiesFromChrome warns when Chrome returns no cookies","status":"passed","title":"warns when Chrome returns no cookies","duration":0.22058300000000486,"failureMessages":[],"meta":{}},{"ancestorTitles":["cookies","extractCookiesFromFirefox"],"fullName":"cookies extractCookiesFromFirefox warns when Firefox cookies database is missing","status":"passed","title":"warns when Firefox cookies database is missing","duration":0.2120000000000033,"failureMessages":[],"meta":{}},{"ancestorTitles":["cookies","extractCookiesFromFirefox"],"fullName":"cookies extractCookiesFromFirefox warns when Firefox returns no cookies","status":"passed","title":"warns when Firefox returns no cookies","duration":0.17258400000000051,"failureMessages":[],"meta":{}}],"startTime":1768510002270,"endTime":1768510002282.2207,"status":"passed","message":"","name":"/Users/jamiecraik/dev/xKit/tests/cookies.test.ts"},{"assertionResults":[{"ancestorTitles":["extractMedia"],"fullName":"extractMedia returns undefined when no legacy data","status":"passed","title":"returns undefined when no legacy data","duration":0.4975830000000059,"failureMessages":[],"meta":{}},{"ancestorTitles":["extractMedia"],"fullName":"extractMedia returns undefined when media array is empty","status":"passed","title":"returns undefined when media array is empty","duration":0.06420800000000781,"failureMessages":[],"meta":{}},{"ancestorTitles":["extractMedia"],"fullName":"extractMedia extracts photo with dimensions and preview","status":"passed","title":"extracts photo with dimensions and preview","duration":0.5688749999999914,"failureMessages":[],"meta":{}},{"ancestorTitles":["extractMedia"],"fullName":"extractMedia falls back to medium size when large unavailable","status":"passed","title":"falls back to medium size when large unavailable","duration":0.11225000000000307,"failureMessages":[],"meta":{}},{"ancestorTitles":["extractMedia"],"fullName":"extractMedia extracts video with highest bitrate mp4","status":"passed","title":"extracts video with highest bitrate mp4","duration":0.1496659999999963,"failureMessages":[],"meta":{}},{"ancestorTitles":["extractMedia"],"fullName":"extractMedia falls back to first mp4 when bitrate is missing","status":"passed","title":"falls back to first mp4 when bitrate is missing","duration":0.08050000000000068,"failureMessages":[],"meta":{}},{"ancestorTitles":["extractMedia"],"fullName":"extractMedia extracts animated_gif with video url","status":"passed","title":"extracts animated_gif with video url","duration":0.1096250000000083,"failureMessages":[],"meta":{}},{"ancestorTitles":["extractMedia"],"fullName":"extractMedia keeps zero duration for videos","status":"passed","title":"keeps zero duration for videos","duration":0.08708400000000438,"failureMessages":[],"meta":{}},{"ancestorTitles":["extractMedia"],"fullName":"extractMedia handles multiple media items","status":"passed","title":"handles multiple media items","duration":0.13004100000000562,"failureMessages":[],"meta":{}},{"ancestorTitles":["extractMedia"],"fullName":"extractMedia skips items missing type or url","status":"passed","title":"skips items missing type or url","duration":0.08824999999998795,"failureMessages":[],"meta":{}},{"ancestorTitles":["extractMedia"],"fullName":"extractMedia prefers extended_entities over entities","status":"passed","title":"prefers extended_entities over entities","duration":0.04145800000000577,"failureMessages":[],"meta":{}},{"ancestorTitles":["extractMedia"],"fullName":"extractMedia falls back to entities when extended_entities missing","status":"passed","title":"falls back to entities when extended_entities missing","duration":0.032958000000007814,"failureMessages":[],"meta":{}},{"ancestorTitles":["extractMedia"],"fullName":"extractMedia handles video without mp4 variants","status":"passed","title":"handles video without mp4 variants","duration":0.046999999999997044,"failureMessages":[],"meta":{}}],"startTime":1768510002796,"endTime":1768510002798.047,"status":"passed","message":"","name":"/Users/jamiecraik/dev/xKit/tests/extract-media.test.ts"},{"assertionResults":[{"ancestorTitles":["root help output"],"fullName":"root help output mentions shorthand + json and lists user commands","status":"passed","title":"mentions shorthand + json and lists user commands","duration":5.318959000000007,"failureMessages":[],"meta":{}},{"ancestorTitles":["root help output"],"fullName":"root help output shows global options in subcommand help","status":"passed","title":"shows global options in subcommand help","duration":1.8217089999999985,"failureMessages":[],"meta":{}},{"ancestorTitles":["root help output"],"fullName":"root help output shows --json-full option in read command help","status":"passed","title":"shows --json-full option in read command help","duration":1.4564589999999953,"failureMessages":[],"meta":{}},{"ancestorTitles":["root help output"],"fullName":"root help output shows --json-full option in search command help","status":"passed","title":"shows --json-full option in search command help","duration":1.250458999999978,"failureMessages":[],"meta":{}}],"startTime":1768510002495,"endTime":1768510002505.2505,"status":"passed","message":"","name":"/Users/jamiecraik/dev/xKit/tests/help-output.test.ts"},{"assertionResults":[{"ancestorTitles":["library exports"],"fullName":"library exports exposes primary library surface","status":"passed","title":"exposes primary library surface","duration":0.42500000000001137,"failureMessages":[],"meta":{}}],"startTime":1768510003055,"endTime":1768510003055.425,"status":"passed","message":"","name":"/Users/jamiecraik/dev/xKit/tests/library-exports.test.ts"},{"assertionResults":[{"ancestorTitles":["mapTweetResult media"],"fullName":"mapTweetResult media includes extracted media on mapped tweet","status":"passed","title":"includes extracted media on mapped tweet","duration":1.0823330000000055,"failureMessages":[],"meta":{}},{"ancestorTitles":["mapTweetResult media"],"fullName":"mapTweetResult media omits media when none present","status":"passed","title":"omits media when none present","duration":0.07674999999998988,"failureMessages":[],"meta":{}}],"startTime":1768510002885,"endTime":1768510002886.0823,"status":"passed","message":"","name":"/Users/jamiecraik/dev/xKit/tests/map-tweet-media.test.ts"},{"assertionResults":[{"ancestorTitles":["normalizeHandle"],"fullName":"normalizeHandle accepts bare handle","status":"passed","title":"accepts bare handle","duration":0.4541670000000124,"failureMessages":[],"meta":{}},{"ancestorTitles":["normalizeHandle"],"fullName":"normalizeHandle accepts @handle and trims whitespace","status":"passed","title":"accepts @handle and trims whitespace","duration":0.08137500000000841,"failureMessages":[],"meta":{}},{"ancestorTitles":["normalizeHandle"],"fullName":"normalizeHandle rejects empty input","status":"passed","title":"rejects empty input","duration":0.08249999999999602,"failureMessages":[],"meta":{}},{"ancestorTitles":["normalizeHandle"],"fullName":"normalizeHandle rejects invalid characters and too-long handles","status":"passed","title":"rejects invalid characters and too-long handles","duration":0.060791999999992186,"failureMessages":[],"meta":{}},{"ancestorTitles":["mentionsQueryFromUserOption"],"fullName":"mentionsQueryFromUserOption returns null query when option omitted","status":"passed","title":"returns null query when option omitted","duration":0.26154099999999403,"failureMessages":[],"meta":{}},{"ancestorTitles":["mentionsQueryFromUserOption"],"fullName":"mentionsQueryFromUserOption returns normalized @query for valid handle","status":"passed","title":"returns normalized @query for valid handle","duration":0.07879099999999539,"failureMessages":[],"meta":{}},{"ancestorTitles":["mentionsQueryFromUserOption"],"fullName":"mentionsQueryFromUserOption returns error for invalid handle","status":"passed","title":"returns error for invalid handle","duration":0.06066699999999514,"failureMessages":[],"meta":{}}],"startTime":1768510002958,"endTime":1768510002959.2615,"status":"passed","message":"","name":"/Users/jamiecraik/dev/xKit/tests/normalize-handle.test.ts"},{"assertionResults":[{"ancestorTitles":["output"],"fullName":"output defaults to emoji + color on TTY","status":"passed","title":"defaults to emoji + color on TTY","duration":0.6021250000000009,"failureMessages":[],"meta":{}},{"ancestorTitles":["output"],"fullName":"output plain disables emoji + color","status":"passed","title":"plain disables emoji + color","duration":0.16450000000000387,"failureMessages":[],"meta":{}},{"ancestorTitles":["output"],"fullName":"output NO_COLOR disables colors by default","status":"passed","title":"NO_COLOR disables colors by default","duration":0.05304200000000492,"failureMessages":[],"meta":{}},{"ancestorTitles":["output"],"fullName":"output TERM=dumb disables colors by default","status":"passed","title":"TERM=dumb disables colors by default","duration":0.04766599999999244,"failureMessages":[],"meta":{}},{"ancestorTitles":["output"],"fullName":"output --no-color disables colors","status":"passed","title":"--no-color disables colors","duration":0.05924999999999159,"failureMessages":[],"meta":{}},{"ancestorTitles":["output"],"fullName":"output --no-emoji switches to text prefixes","status":"passed","title":"--no-emoji switches to text prefixes","duration":0.04808399999998869,"failureMessages":[],"meta":{}},{"ancestorTitles":["output"],"fullName":"output commander opts override defaults","status":"passed","title":"commander opts override defaults","duration":0.08637499999998965,"failureMessages":[],"meta":{}},{"ancestorTitles":["output"],"fullName":"output commander plain wins over emoji/color","status":"passed","title":"commander plain wins over emoji/color","duration":0.0557500000000033,"failureMessages":[],"meta":{}},{"ancestorTitles":["output"],"fullName":"output formats stats line for all modes","status":"passed","title":"formats stats line for all modes","duration":0.09149999999999636,"failureMessages":[],"meta":{}},{"ancestorTitles":["output"],"fullName":"output always includes tweet URL in all modes","status":"passed","title":"always includes tweet URL in all modes","duration":0.11820900000000734,"failureMessages":[],"meta":{}}],"startTime":1768510002878,"endTime":1768510002880.1182,"status":"passed","message":"","name":"/Users/jamiecraik/dev/xKit/tests/output.test.ts"},{"assertionResults":[{"ancestorTitles":["runtime-features"],"fullName":"runtime-features applies global and set overrides from env json","status":"passed","title":"applies global and set overrides from env json","duration":0.7911670000000015,"failureMessages":[],"meta":{}},{"ancestorTitles":["runtime-features"],"fullName":"runtime-features refresh merges defaults with existing cache","status":"passed","title":"refresh merges defaults with existing cache","duration":2.2027089999999987,"failureMessages":[],"meta":{}},{"ancestorTitles":["runtime-features"],"fullName":"runtime-features applies overrides from cache file","status":"passed","title":"applies overrides from cache file","duration":1.2948340000000087,"failureMessages":[],"meta":{}}],"startTime":1768510002438,"endTime":1768510002442.295,"status":"passed","message":"","name":"/Users/jamiecraik/dev/xKit/tests/runtime-features.test.ts"},{"assertionResults":[{"ancestorTitles":["runtime-query-ids"],"fullName":"runtime-query-ids refreshes IDs by scanning discovered bundles and persists cache","status":"passed","title":"refreshes IDs by scanning discovered bundles and persists cache","duration":11.440000000000012,"failureMessages":[],"meta":{}},{"ancestorTitles":["runtime-query-ids"],"fullName":"runtime-query-ids uses env cache path override and returns fresh snapshot without refreshing","status":"passed","title":"uses env cache path override and returns fresh snapshot without refreshing","duration":1.0409590000000009,"failureMessages":[],"meta":{}},{"ancestorTitles":["runtime-query-ids"],"fullName":"runtime-query-ids returns current snapshot when refresh finds no matching operations","status":"passed","title":"returns current snapshot when refresh finds no matching operations","duration":1.5222499999999997,"failureMessages":[],"meta":{}},{"ancestorTitles":["runtime-query-ids"],"fullName":"runtime-query-ids throws when no bundles can be discovered","status":"passed","title":"throws when no bundles can be discovered","duration":1.2487090000000052,"failureMessages":[],"meta":{}}],"startTime":1768510002139,"endTime":1768510002154.2488,"status":"passed","message":"","name":"/Users/jamiecraik/dev/xKit/tests/runtime-query-ids.test.ts"},{"assertionResults":[{"ancestorTitles":["TwitterClient API coverage","createTweet fallback paths"],"fullName":"TwitterClient API coverage createTweet fallback paths returns an error when retry response is not ok","status":"passed","title":"returns an error when retry response is not ok","duration":3.59537499999999,"failureMessages":[],"meta":{}},{"ancestorTitles":["TwitterClient API coverage","createTweet fallback paths"],"fullName":"TwitterClient API coverage createTweet fallback paths returns API errors when retry response contains errors","status":"passed","title":"returns API errors when retry response contains errors","duration":0.2503330000000119,"failureMessages":[],"meta":{}},{"ancestorTitles":["TwitterClient API coverage","createTweet fallback paths"],"fullName":"TwitterClient API coverage createTweet fallback paths returns an error when retry response has no tweet id","status":"passed","title":"returns an error when retry response has no tweet id","duration":0.1685420000000022,"failureMessages":[],"meta":{}},{"ancestorTitles":["TwitterClient API coverage","search error paths"],"fullName":"TwitterClient API coverage search error paths returns an error for non-ok responses","status":"passed","title":"returns an error for non-ok responses","duration":0.3299999999999841,"failureMessages":[],"meta":{}},{"ancestorTitles":["TwitterClient API coverage","search error paths"],"fullName":"TwitterClient API coverage search error paths returns errors from payloads","status":"passed","title":"returns errors from payloads","duration":0.15545900000000756,"failureMessages":[],"meta":{}},{"ancestorTitles":["TwitterClient API coverage","search error paths"],"fullName":"TwitterClient API coverage search error paths returns an error when fetching throws","status":"passed","title":"returns an error when fetching throws","duration":0.18254199999995535,"failureMessages":[],"meta":{}},{"ancestorTitles":["TwitterClient API coverage","search error paths"],"fullName":"TwitterClient API coverage search error paths returns the second attempt error after 404s","status":"passed","title":"returns the second attempt error after 404s","duration":0.19037500000001728,"failureMessages":[],"meta":{}},{"ancestorTitles":["TwitterClient API coverage","bookmarks error paths"],"fullName":"TwitterClient API coverage bookmarks error paths returns an error for non-ok responses","status":"passed","title":"returns an error for non-ok responses","duration":1907.261375,"failureMessages":[],"meta":{}},{"ancestorTitles":["TwitterClient API coverage","bookmarks error paths"],"fullName":"TwitterClient API coverage bookmarks error paths returns API errors from payloads","status":"passed","title":"returns API errors from payloads","duration":0.4456669999999576,"failureMessages":[],"meta":{}},{"ancestorTitles":["TwitterClient API coverage","bookmarks error paths"],"fullName":"TwitterClient API coverage bookmarks error paths returns an error when fetching throws","status":"passed","title":"returns an error when fetching throws","duration":0.22654099999999744,"failureMessages":[],"meta":{}},{"ancestorTitles":["TwitterClient API coverage","bookmarks error paths"],"fullName":"TwitterClient API coverage bookmarks error paths returns unknown error when no query ids are available","status":"passed","title":"returns unknown error when no query ids are available","duration":0.0727919999999358,"failureMessages":[],"meta":{}},{"ancestorTitles":["TwitterClient API coverage","bookmarks error paths"],"fullName":"TwitterClient API coverage bookmarks error paths returns the second attempt error after 404s","status":"passed","title":"returns the second attempt error after 404s","duration":0.25012500000002547,"failureMessages":[],"meta":{}},{"ancestorTitles":["TwitterClient API coverage","following/followers error paths"],"fullName":"TwitterClient API coverage following/followers error paths returns an error for non-ok responses","status":"passed","title":"returns an error for non-ok responses","duration":0.2501249999995707,"failureMessages":[],"meta":{}},{"ancestorTitles":["TwitterClient API coverage","following/followers error paths"],"fullName":"TwitterClient API coverage following/followers error paths returns API errors from payloads","status":"passed","title":"returns API errors from payloads","duration":0.1924579999999878,"failureMessages":[],"meta":{}},{"ancestorTitles":["TwitterClient API coverage","following/followers error paths"],"fullName":"TwitterClient API coverage following/followers error paths returns unknown error when no query ids are available","status":"passed","title":"returns unknown error when no query ids are available","duration":0.06458299999985684,"failureMessages":[],"meta":{}},{"ancestorTitles":["TwitterClient API coverage","following/followers error paths"],"fullName":"TwitterClient API coverage following/followers error paths returns the second attempt error after 404s","status":"passed","title":"returns the second attempt error after 404s","duration":0.18516600000020844,"failureMessages":[],"meta":{}},{"ancestorTitles":["TwitterClient API coverage","likes error paths"],"fullName":"TwitterClient API coverage likes error paths returns an error for non-ok responses","status":"passed","title":"returns an error for non-ok responses","duration":0.20779200000015408,"failureMessages":[],"meta":{}},{"ancestorTitles":["TwitterClient API coverage","likes error paths"],"fullName":"TwitterClient API coverage likes error paths returns API errors from payloads","status":"passed","title":"returns API errors from payloads","duration":0.08945799999992232,"failureMessages":[],"meta":{}},{"ancestorTitles":["TwitterClient API coverage","likes error paths"],"fullName":"TwitterClient API coverage likes error paths returns an error when fetching throws","status":"passed","title":"returns an error when fetching throws","duration":0.08279200000015408,"failureMessages":[],"meta":{}},{"ancestorTitles":["TwitterClient API coverage","likes error paths"],"fullName":"TwitterClient API coverage likes error paths returns unknown error when no query ids are available","status":"passed","title":"returns unknown error when no query ids are available","duration":0.04829200000040146,"failureMessages":[],"meta":{}},{"ancestorTitles":["TwitterClient API coverage","likes error paths"],"fullName":"TwitterClient API coverage likes error paths returns the second attempt error after 404s","status":"passed","title":"returns the second attempt error after 404s","duration":0.12116699999978664,"failureMessages":[],"meta":{}},{"ancestorTitles":["TwitterClient API coverage","bookmark folder error paths"],"fullName":"TwitterClient API coverage bookmark folder error paths returns an error for non-ok responses","status":"passed","title":"returns an error for non-ok responses","duration":2284.912417,"failureMessages":[],"meta":{}},{"ancestorTitles":["TwitterClient API coverage","bookmark folder error paths"],"fullName":"TwitterClient API coverage bookmark folder error paths returns API errors from payloads","status":"passed","title":"returns API errors from payloads","duration":0.28462500000023283,"failureMessages":[],"meta":{}},{"ancestorTitles":["TwitterClient API coverage","bookmark folder error paths"],"fullName":"TwitterClient API coverage bookmark folder error paths returns an error when fetching throws","status":"passed","title":"returns an error when fetching throws","duration":0.17408399999931135,"failureMessages":[],"meta":{}},{"ancestorTitles":["TwitterClient API coverage","bookmark folder error paths"],"fullName":"TwitterClient API coverage bookmark folder error paths returns unknown error when no query ids are available","status":"passed","title":"returns unknown error when no query ids are available","duration":0.0827080000008209,"failureMessages":[],"meta":{}},{"ancestorTitles":["TwitterClient API coverage","bookmark folder error paths"],"fullName":"TwitterClient API coverage bookmark folder error paths returns the second attempt error after 404s","status":"passed","title":"returns the second attempt error after 404s","duration":0.21133300000019517,"failureMessages":[],"meta":{}}],"startTime":1768510001089,"endTime":1768510005289.2847,"status":"passed","message":"","name":"/Users/jamiecraik/dev/xKit/tests/twitter-client-coverage.api.test.ts"},{"assertionResults":[{"ancestorTitles":["TwitterClient core coverage"],"fullName":"TwitterClient core coverage refreshQueryIds calls runtime refresh outside test env","status":"passed","title":"refreshQueryIds calls runtime refresh outside test env","duration":1.0793749999999989,"failureMessages":[],"meta":{}},{"ancestorTitles":["TwitterClient core coverage"],"fullName":"TwitterClient core coverage fetchWithTimeout uses an abort signal when timeout is set","status":"passed","title":"fetchWithTimeout uses an abort signal when timeout is set","duration":0.27216699999999605,"failureMessages":[],"meta":{}},{"ancestorTitles":["TwitterClient core coverage"],"fullName":"TwitterClient core coverage returns a not found error when tweet data is missing","status":"passed","title":"returns a not found error when tweet data is missing","duration":1.1968750000000057,"failureMessages":[],"meta":{}},{"ancestorTitles":["TwitterClient core coverage"],"fullName":"TwitterClient core coverage adds client user id header after ensureClientUserId","status":"passed","title":"adds client user id header after ensureClientUserId","duration":0.18158400000000086,"failureMessages":[],"meta":{}},{"ancestorTitles":["TwitterClient core coverage","fetchUserArticlePlainText failures"],"fullName":"TwitterClient core coverage fetchUserArticlePlainText failures returns empty object when response is not ok","status":"passed","title":"returns empty object when response is not ok","duration":0.46583400000000097,"failureMessages":[],"meta":{}},{"ancestorTitles":["TwitterClient core coverage","fetchUserArticlePlainText failures"],"fullName":"TwitterClient core coverage fetchUserArticlePlainText failures returns empty object when fetching throws","status":"passed","title":"returns empty object when fetching throws","duration":0.1822920000000039,"failureMessages":[],"meta":{}},{"ancestorTitles":["TwitterClient core coverage","fetchUserArticlePlainText failures"],"fullName":"TwitterClient core coverage fetchUserArticlePlainText failures returns empty object when no matching tweet is found","status":"passed","title":"returns empty object when no matching tweet is found","duration":0.13779199999999037,"failureMessages":[],"meta":{}},{"ancestorTitles":["TwitterClient core coverage","fetchTweetDetail error handling"],"fullName":"TwitterClient core coverage fetchTweetDetail error handling returns API errors from response payloads","status":"passed","title":"returns API errors from response payloads","duration":0.14712500000000261,"failureMessages":[],"meta":{}},{"ancestorTitles":["TwitterClient core coverage","fetchTweetDetail error handling"],"fullName":"TwitterClient core coverage fetchTweetDetail error handling parses POST responses when GET returns 404","status":"passed","title":"parses POST responses when GET returns 404","duration":0.1647920000000056,"failureMessages":[],"meta":{}},{"ancestorTitles":["TwitterClient core coverage","fetchTweetDetail error handling"],"fullName":"TwitterClient core coverage fetchTweetDetail error handling returns an error when fetch throws","status":"passed","title":"returns an error when fetch throws","duration":0.20037499999999397,"failureMessages":[],"meta":{}},{"ancestorTitles":["TwitterClient core coverage","postStatusUpdate error handling"],"fullName":"TwitterClient core coverage postStatusUpdate error handling returns an error when postStatusUpdate throws","status":"passed","title":"returns an error when postStatusUpdate throws","duration":0.14041699999999935,"failureMessages":[],"meta":{}}],"startTime":1768510002669,"endTime":1768510002673.2004,"status":"passed","message":"","name":"/Users/jamiecraik/dev/xKit/tests/twitter-client-coverage.core.test.ts"},{"assertionResults":[{"ancestorTitles":["TwitterClient upload coverage","uploadMedia error paths"],"fullName":"TwitterClient upload coverage uploadMedia error paths rejects unsupported media types","status":"passed","title":"rejects unsupported media types","duration":1.0630409999999983,"failureMessages":[],"meta":{}},{"ancestorTitles":["TwitterClient upload coverage","uploadMedia error paths"],"fullName":"TwitterClient upload coverage uploadMedia error paths returns an error when INIT fails","status":"passed","title":"returns an error when INIT fails","duration":0.3286669999999958,"failureMessages":[],"meta":{}},{"ancestorTitles":["TwitterClient upload coverage","uploadMedia error paths"],"fullName":"TwitterClient upload coverage uploadMedia error paths returns an error when APPEND fails","status":"passed","title":"returns an error when APPEND fails","duration":7.3493330000000014,"failureMessages":[],"meta":{}},{"ancestorTitles":["TwitterClient upload coverage","uploadMedia error paths"],"fullName":"TwitterClient upload coverage uploadMedia error paths returns an error when FINALIZE fails","status":"passed","title":"returns an error when FINALIZE fails","duration":0.21495799999999576,"failureMessages":[],"meta":{}},{"ancestorTitles":["TwitterClient upload coverage","uploadMedia error paths"],"fullName":"TwitterClient upload coverage uploadMedia error paths returns an error when media processing fails","status":"passed","title":"returns an error when media processing fails","duration":0.2115000000000009,"failureMessages":[],"meta":{}},{"ancestorTitles":["TwitterClient upload coverage","uploadMedia error paths"],"fullName":"TwitterClient upload coverage uploadMedia error paths returns an error when STATUS fails","status":"passed","title":"returns an error when STATUS fails","duration":0.23008299999999338,"failureMessages":[],"meta":{}},{"ancestorTitles":["TwitterClient upload coverage","uploadMedia error paths"],"fullName":"TwitterClient upload coverage uploadMedia error paths retries STATUS and continues when processing is pending","status":"passed","title":"retries STATUS and continues when processing is pending","duration":0.18070799999999565,"failureMessages":[],"meta":{}},{"ancestorTitles":["TwitterClient upload coverage","uploadMedia error paths"],"fullName":"TwitterClient upload coverage uploadMedia error paths returns an error when metadata upload fails","status":"passed","title":"returns an error when metadata upload fails","duration":0.1715420000000023,"failureMessages":[],"meta":{}},{"ancestorTitles":["TwitterClient upload coverage","uploadMedia error paths"],"fullName":"TwitterClient upload coverage uploadMedia error paths returns an error when upload throws","status":"passed","title":"returns an error when upload throws","duration":0.12600000000000477,"failureMessages":[],"meta":{}},{"ancestorTitles":["TwitterClient upload coverage","article extraction edge cases"],"fullName":"TwitterClient upload coverage article extraction edge cases logs article payloads when debug flag is set","status":"passed","title":"logs article payloads when debug flag is set","duration":0.3071249999999992,"failureMessages":[],"meta":{}},{"ancestorTitles":["TwitterClient upload coverage","article extraction edge cases"],"fullName":"TwitterClient upload coverage article extraction edge cases drops duplicate body when it matches the title","status":"passed","title":"drops duplicate body when it matches the title","duration":0.0839160000000021,"failureMessages":[],"meta":{}}],"startTime":1768510002371,"endTime":1768510002382.084,"status":"passed","message":"","name":"/Users/jamiecraik/dev/xKit/tests/twitter-client-coverage.upload.test.ts"},{"assertionResults":[{"ancestorTitles":["TwitterClient constructor"],"fullName":"TwitterClient constructor should throw if authToken is missing","status":"passed","title":"should throw if authToken is missing","duration":0.879374999999996,"failureMessages":[],"meta":{}},{"ancestorTitles":["TwitterClient constructor"],"fullName":"TwitterClient constructor should throw if ct0 is missing","status":"passed","title":"should throw if ct0 is missing","duration":0.37529099999999005,"failureMessages":[],"meta":{}},{"ancestorTitles":["TwitterClient constructor"],"fullName":"TwitterClient constructor should create client with valid cookies","status":"passed","title":"should create client with valid cookies","duration":0.6043750000000045,"failureMessages":[],"meta":{}},{"ancestorTitles":["TwitterClient tweet"],"fullName":"TwitterClient tweet should post a tweet successfully","status":"passed","title":"should post a tweet successfully","duration":1.2527919999999995,"failureMessages":[],"meta":{}},{"ancestorTitles":["TwitterClient tweet"],"fullName":"TwitterClient tweet supports attaching media IDs","status":"passed","title":"supports attaching media IDs","duration":0.3888330000000053,"failureMessages":[],"meta":{}},{"ancestorTitles":["TwitterClient tweet"],"fullName":"TwitterClient tweet retries CreateTweet via /i/api/graphql when operation URL 404s","status":"passed","title":"retries CreateTweet via /i/api/graphql when operation URL 404s","duration":0.20241699999999696,"failureMessages":[],"meta":{}},{"ancestorTitles":["TwitterClient tweet"],"fullName":"TwitterClient tweet should handle API errors","status":"passed","title":"should handle API errors","duration":0.31229199999999935,"failureMessages":[],"meta":{}},{"ancestorTitles":["TwitterClient tweet"],"fullName":"TwitterClient tweet falls back to statuses/update.json when CreateTweet returns code 226","status":"passed","title":"falls back to statuses/update.json when CreateTweet returns code 226","duration":0.3872920000000022,"failureMessages":[],"meta":{}},{"ancestorTitles":["TwitterClient tweet"],"fullName":"TwitterClient tweet surfaces statuses/update.json failure when CreateTweet returns code 226","status":"passed","title":"surfaces statuses/update.json failure when CreateTweet returns code 226","duration":0.35908299999999826,"failureMessages":[],"meta":{}},{"ancestorTitles":["TwitterClient tweet"],"fullName":"TwitterClient tweet surfaces statuses/update.json API errors when CreateTweet returns code 226","status":"passed","title":"surfaces statuses/update.json API errors when CreateTweet returns code 226","duration":0.15733300000000838,"failureMessages":[],"meta":{}},{"ancestorTitles":["TwitterClient tweet"],"fullName":"TwitterClient tweet surfaces statuses/update.json missing id when CreateTweet returns code 226","status":"passed","title":"surfaces statuses/update.json missing id when CreateTweet returns code 226","duration":0.16220799999999258,"failureMessages":[],"meta":{}},{"ancestorTitles":["TwitterClient tweet"],"fullName":"TwitterClient tweet should handle HTTP errors","status":"passed","title":"should handle HTTP errors","duration":0.1419999999999959,"failureMessages":[],"meta":{}},{"ancestorTitles":["TwitterClient tweet"],"fullName":"TwitterClient tweet should handle network errors","status":"passed","title":"should handle network errors","duration":0.12829200000000185,"failureMessages":[],"meta":{}},{"ancestorTitles":["TwitterClient tweet"],"fullName":"TwitterClient tweet should surface missing tweet ID when API responds without rest_id","status":"passed","title":"should surface missing tweet ID when API responds without rest_id","duration":0.08279199999999776,"failureMessages":[],"meta":{}},{"ancestorTitles":["TwitterClient reply"],"fullName":"TwitterClient reply should post a reply with correct reply_to_tweet_id","status":"passed","title":"should post a reply with correct reply_to_tweet_id","duration":0.1368750000000034,"failureMessages":[],"meta":{}},{"ancestorTitles":["TwitterClient reply"],"fullName":"TwitterClient reply falls back to statuses/update.json for replies when CreateTweet returns code 226","status":"passed","title":"falls back to statuses/update.json for replies when CreateTweet returns code 226","duration":0.1599159999999955,"failureMessages":[],"meta":{}}],"startTime":1768510002574,"endTime":1768510002580.16,"status":"passed","message":"","name":"/Users/jamiecraik/dev/xKit/tests/twitter-client.constructor-tweet-reply.test.ts"},{"assertionResults":[{"ancestorTitles":["TwitterClient conversation helpers"],"fullName":"TwitterClient conversation helpers getReplies returns only replies to tweet","status":"passed","title":"getReplies returns only replies to tweet","duration":2.2132079999999945,"failureMessages":[],"meta":{}},{"ancestorTitles":["TwitterClient conversation helpers"],"fullName":"TwitterClient conversation helpers getThread returns sorted thread by createdAt","status":"passed","title":"getThread returns sorted thread by createdAt","duration":0.5275000000000034,"failureMessages":[],"meta":{}},{"ancestorTitles":["TwitterClient conversation helpers"],"fullName":"TwitterClient conversation helpers getThread includes tweets from timeline module items","status":"passed","title":"getThread includes tweets from timeline module items","duration":0.25712500000000205,"failureMessages":[],"meta":{}},{"ancestorTitles":["TwitterClient conversation helpers"],"fullName":"TwitterClient conversation helpers propagates fetchTweetDetail errors","status":"passed","title":"propagates fetchTweetDetail errors","duration":0.192292000000009,"failureMessages":[],"meta":{}}],"startTime":1768510002810,"endTime":1768510002813.257,"status":"passed","message":"","name":"/Users/jamiecraik/dev/xKit/tests/twitter-client.conversations.test.ts"},{"assertionResults":[{"ancestorTitles":["TwitterClient getCurrentUser"],"fullName":"TwitterClient getCurrentUser returns mapped user details when present","status":"passed","title":"returns mapped user details when present","duration":2.2591249999999974,"failureMessages":[],"meta":{}},{"ancestorTitles":["TwitterClient getCurrentUser"],"fullName":"TwitterClient getCurrentUser returns error when response lacks identifiers","status":"passed","title":"returns error when response lacks identifiers","duration":0.37016699999999503,"failureMessages":[],"meta":{}},{"ancestorTitles":["TwitterClient getCurrentUser"],"fullName":"TwitterClient getCurrentUser surfaces HTTP errors","status":"passed","title":"surfaces HTTP errors","duration":0.20941700000000196,"failureMessages":[],"meta":{}},{"ancestorTitles":["TwitterClient getCurrentUser"],"fullName":"TwitterClient getCurrentUser uses HTML fallback when API endpoints 404","status":"passed","title":"uses HTML fallback when API endpoints 404","duration":0.21758400000000222,"failureMessages":[],"meta":{}},{"ancestorTitles":["TwitterClient getCurrentUser"],"fullName":"TwitterClient getCurrentUser skips an endpoint when JSON parsing fails","status":"passed","title":"skips an endpoint when JSON parsing fails","duration":0.17220899999999517,"failureMessages":[],"meta":{}},{"ancestorTitles":["TwitterClient getCurrentUser"],"fullName":"TwitterClient getCurrentUser continues on fetch errors and still succeeds via HTML fallback","status":"passed","title":"continues on fetch errors and still succeeds via HTML fallback","duration":0.16170900000000188,"failureMessages":[],"meta":{}}],"startTime":1768510002739,"endTime":1768510002743.172,"status":"passed","message":"","name":"/Users/jamiecraik/dev/xKit/tests/twitter-client.current-user.test.ts"},{"assertionResults":[{"ancestorTitles":["TwitterClient following/followers"],"fullName":"TwitterClient following/followers fetches following users and filters invalid entries","status":"passed","title":"fetches following users and filters invalid entries","duration":2.0576670000000092,"failureMessages":[],"meta":{}},{"ancestorTitles":["TwitterClient following/followers"],"fullName":"TwitterClient following/followers fetches followers and unwraps visibility results","status":"passed","title":"fetches followers and unwraps visibility results","duration":0.3581669999999946,"failureMessages":[],"meta":{}},{"ancestorTitles":["TwitterClient following/followers"],"fullName":"TwitterClient following/followers refreshes query IDs after 404s","status":"passed","title":"refreshes query IDs after 404s","duration":0.30945799999999224,"failureMessages":[],"meta":{}},{"ancestorTitles":["TwitterClient following/followers"],"fullName":"TwitterClient following/followers falls back to REST following list after repeated 404s","status":"passed","title":"falls back to REST following list after repeated 404s","duration":0.3319580000000002,"failureMessages":[],"meta":{}},{"ancestorTitles":["TwitterClient following/followers"],"fullName":"TwitterClient following/followers falls back to REST followers list after repeated 404s","status":"passed","title":"falls back to REST followers list after repeated 404s","duration":0.31824999999999193,"failureMessages":[],"meta":{}},{"ancestorTitles":["TwitterClient likes"],"fullName":"TwitterClient likes fetches likes and parses tweet results","status":"passed","title":"fetches likes and parses tweet results","duration":0.7702919999999978,"failureMessages":[],"meta":{}},{"ancestorTitles":["TwitterClient likes"],"fullName":"TwitterClient likes returns an error when current user is unavailable","status":"passed","title":"returns an error when current user is unavailable","duration":0.15279099999999346,"failureMessages":[],"meta":{}}],"startTime":1768510002665,"endTime":1768510002669.1528,"status":"passed","message":"","name":"/Users/jamiecraik/dev/xKit/tests/twitter-client.following-likes.test.ts"},{"assertionResults":[{"ancestorTitles":["TwitterClient getTweet"],"fullName":"TwitterClient getTweet should return tweet data from root tweetResult","status":"passed","title":"should return tweet data from root tweetResult","duration":1.9393749999999983,"failureMessages":[],"meta":{}},{"ancestorTitles":["TwitterClient getTweet"],"fullName":"TwitterClient getTweet should return tweet data found inside conversation instructions","status":"passed","title":"should return tweet data found inside conversation instructions","duration":0.2884999999999991,"failureMessages":[],"meta":{}},{"ancestorTitles":["TwitterClient getTweet"],"fullName":"TwitterClient getTweet should report HTTP errors from getTweet","status":"passed","title":"should report HTTP errors from getTweet","duration":0.48850000000000193,"failureMessages":[],"meta":{}},{"ancestorTitles":["TwitterClient getTweet"],"fullName":"TwitterClient getTweet should return article text when present","status":"passed","title":"should return article text when present","duration":0.3685829999999868,"failureMessages":[],"meta":{}},{"ancestorTitles":["TwitterClient getTweet"],"fullName":"TwitterClient getTweet should fall back to user article timeline for plain text","status":"passed","title":"should fall back to user article timeline for plain text","duration":0.42175000000000296,"failureMessages":[],"meta":{}},{"ancestorTitles":["TwitterClient getTweet"],"fullName":"TwitterClient getTweet should return note tweet text when present","status":"passed","title":"should return note tweet text when present","duration":0.15870799999999008,"failureMessages":[],"meta":{}},{"ancestorTitles":["TwitterClient getTweet"],"fullName":"TwitterClient getTweet retries TweetDetail query id on 404","status":"passed","title":"retries TweetDetail query id on 404","duration":0.1827080000000052,"failureMessages":[],"meta":{}},{"ancestorTitles":["TwitterClient quoted tweets"],"fullName":"TwitterClient quoted tweets includes one level of quoted tweet by default","status":"passed","title":"includes one level of quoted tweet by default","duration":0.09125000000000227,"failureMessages":[],"meta":{}},{"ancestorTitles":["TwitterClient quoted tweets"],"fullName":"TwitterClient quoted tweets honors quoteDepth = 0","status":"passed","title":"honors quoteDepth = 0","duration":0.07512499999999989,"failureMessages":[],"meta":{}},{"ancestorTitles":["TwitterClient quoted tweets"],"fullName":"TwitterClient quoted tweets recurses when quoteDepth > 1","status":"passed","title":"recurses when quoteDepth > 1","duration":0.10808299999999349,"failureMessages":[],"meta":{}},{"ancestorTitles":["TwitterClient quoted tweets"],"fullName":"TwitterClient quoted tweets unwraps quoted tweet visibility wrappers","status":"passed","title":"unwraps quoted tweet visibility wrappers","duration":0.06179200000001117,"failureMessages":[],"meta":{}}],"startTime":1768510002461,"endTime":1768510002465.1082,"status":"passed","message":"","name":"/Users/jamiecraik/dev/xKit/tests/twitter-client.get-tweet.test.ts"},{"assertionResults":[{"ancestorTitles":["mapTweetResult with includeRaw"],"fullName":"mapTweetResult with includeRaw does not include _raw by default","status":"passed","title":"does not include _raw by default","duration":0.8029999999999973,"failureMessages":[],"meta":{}},{"ancestorTitles":["mapTweetResult with includeRaw"],"fullName":"mapTweetResult with includeRaw does not include _raw when includeRaw is false","status":"passed","title":"does not include _raw when includeRaw is false","duration":0.10379199999999855,"failureMessages":[],"meta":{}},{"ancestorTitles":["mapTweetResult with includeRaw"],"fullName":"mapTweetResult with includeRaw includes _raw when includeRaw is true","status":"passed","title":"includes _raw when includeRaw is true","duration":0.125583000000006,"failureMessages":[],"meta":{}},{"ancestorTitles":["mapTweetResult with includeRaw"],"fullName":"mapTweetResult with includeRaw includes _raw in quoted tweets when includeRaw is true","status":"passed","title":"includes _raw in quoted tweets when includeRaw is true","duration":0.08729099999999335,"failureMessages":[],"meta":{}},{"ancestorTitles":["mapTweetResult with includeRaw"],"fullName":"mapTweetResult with includeRaw does not include _raw in quoted tweets when includeRaw is false","status":"passed","title":"does not include _raw in quoted tweets when includeRaw is false","duration":0.07841700000000174,"failureMessages":[],"meta":{}},{"ancestorTitles":["mapTweetResult with includeRaw"],"fullName":"mapTweetResult with includeRaw works with legacy number-only quoteDepth parameter","status":"passed","title":"works with legacy number-only quoteDepth parameter","duration":0.06558300000000372,"failureMessages":[],"meta":{}},{"ancestorTitles":["parseTweetsFromInstructions with includeRaw"],"fullName":"parseTweetsFromInstructions with includeRaw does not include _raw by default","status":"passed","title":"does not include _raw by default","duration":0.4543330000000054,"failureMessages":[],"meta":{}},{"ancestorTitles":["parseTweetsFromInstructions with includeRaw"],"fullName":"parseTweetsFromInstructions with includeRaw includes _raw when includeRaw is true","status":"passed","title":"includes _raw when includeRaw is true","duration":0.13829099999999528,"failureMessages":[],"meta":{}},{"ancestorTitles":["parseTweetsFromInstructions with includeRaw"],"fullName":"parseTweetsFromInstructions with includeRaw works with legacy number-only quoteDepth parameter","status":"passed","title":"works with legacy number-only quoteDepth parameter","duration":0.07699999999999818,"failureMessages":[],"meta":{}},{"ancestorTitles":["TwitterClient getTweet with includeRaw option"],"fullName":"TwitterClient getTweet with includeRaw option does not include _raw by default","status":"passed","title":"does not include _raw by default","duration":1.5716250000000116,"failureMessages":[],"meta":{}},{"ancestorTitles":["TwitterClient getTweet with includeRaw option"],"fullName":"TwitterClient getTweet with includeRaw option includes _raw when includeRaw option is true","status":"passed","title":"includes _raw when includeRaw option is true","duration":0.35166699999999196,"failureMessages":[],"meta":{}},{"ancestorTitles":["TwitterClient getReplies with includeRaw option"],"fullName":"TwitterClient getReplies with includeRaw option includes _raw in replies when includeRaw is true","status":"passed","title":"includes _raw in replies when includeRaw is true","duration":0.3937090000000012,"failureMessages":[],"meta":{}},{"ancestorTitles":["TwitterClient getThread with includeRaw option"],"fullName":"TwitterClient getThread with includeRaw option includes _raw in thread tweets when includeRaw is true","status":"passed","title":"includes _raw in thread tweets when includeRaw is true","duration":0.2535000000000025,"failureMessages":[],"meta":{}},{"ancestorTitles":["TwitterClient search with includeRaw option"],"fullName":"TwitterClient search with includeRaw option includes _raw in search results when includeRaw is true","status":"passed","title":"includes _raw in search results when includeRaw is true","duration":0.35558399999999324,"failureMessages":[],"meta":{}},{"ancestorTitles":["TwitterClient search with includeRaw option"],"fullName":"TwitterClient search with includeRaw option does not include _raw in search results by default","status":"passed","title":"does not include _raw in search results by default","duration":0.10662499999999397,"failureMessages":[],"meta":{}},{"ancestorTitles":["--json-full flag behavior (without --json)"],"fullName":"--json-full flag behavior (without --json) includeRaw works independently without requiring other json options","status":"passed","title":"includeRaw works independently without requiring other json options","duration":0.18158300000000338,"failureMessages":[],"meta":{}}],"startTime":1768510002577,"endTime":1768510002582.3555,"status":"passed","message":"","name":"/Users/jamiecraik/dev/xKit/tests/twitter-client.json-full.test.ts"},{"assertionResults":[{"ancestorTitles":["TwitterClient timelines includeRaw"],"fullName":"TwitterClient timelines includeRaw includes _raw for bookmarks when includeRaw is true","status":"passed","title":"includes _raw for bookmarks when includeRaw is true","duration":2.4600420000000014,"failureMessages":[],"meta":{}},{"ancestorTitles":["TwitterClient timelines includeRaw"],"fullName":"TwitterClient timelines includeRaw includes _raw for bookmark folder timelines when includeRaw is true","status":"passed","title":"includes _raw for bookmark folder timelines when includeRaw is true","duration":0.5488329999999877,"failureMessages":[],"meta":{}},{"ancestorTitles":["TwitterClient timelines includeRaw"],"fullName":"TwitterClient timelines includeRaw includes _raw for likes when includeRaw is true","status":"passed","title":"includes _raw for likes when includeRaw is true","duration":0.39433300000000315,"failureMessages":[],"meta":{}},{"ancestorTitles":["TwitterClient timelines includeRaw"],"fullName":"TwitterClient timelines includeRaw includes _raw for list timeline when includeRaw is true","status":"passed","title":"includes _raw for list timeline when includeRaw is true","duration":0.34549999999998704,"failureMessages":[],"meta":{}}],"startTime":1768510002672,"endTime":1768510002676.3455,"status":"passed","message":"","name":"/Users/jamiecraik/dev/xKit/tests/twitter-client.json-full.timelines.test.ts"},{"assertionResults":[{"ancestorTitles":["TwitterClient lists","getOwnedLists"],"fullName":"TwitterClient lists getOwnedLists fetches owned lists and parses list results","status":"passed","title":"fetches owned lists and parses list results","duration":1.939542000000003,"failureMessages":[],"meta":{}},{"ancestorTitles":["TwitterClient lists","getOwnedLists"],"fullName":"TwitterClient lists getOwnedLists handles private lists correctly","status":"passed","title":"handles private lists correctly","duration":0.2534169999999989,"failureMessages":[],"meta":{}},{"ancestorTitles":["TwitterClient lists","getOwnedLists"],"fullName":"TwitterClient lists getOwnedLists handles lowercase private mode","status":"passed","title":"handles lowercase private mode","duration":0.19291599999999676,"failureMessages":[],"meta":{}},{"ancestorTitles":["TwitterClient lists","getOwnedLists"],"fullName":"TwitterClient lists getOwnedLists handles missing mode","status":"passed","title":"handles missing mode","duration":0.15654200000000174,"failureMessages":[],"meta":{}},{"ancestorTitles":["TwitterClient lists","getOwnedLists"],"fullName":"TwitterClient lists getOwnedLists returns empty array when no lists exist","status":"passed","title":"returns empty array when no lists exist","duration":0.33241600000000915,"failureMessages":[],"meta":{}},{"ancestorTitles":["TwitterClient lists","getOwnedLists"],"fullName":"TwitterClient lists getOwnedLists returns error on API failure","status":"passed","title":"returns error on API failure","duration":0.16304200000000435,"failureMessages":[],"meta":{}},{"ancestorTitles":["TwitterClient lists","getOwnedLists"],"fullName":"TwitterClient lists getOwnedLists returns error when getCurrentUser fails","status":"passed","title":"returns error when getCurrentUser fails","duration":0.0777920000000023,"failureMessages":[],"meta":{}},{"ancestorTitles":["TwitterClient lists","getOwnedLists"],"fullName":"TwitterClient lists getOwnedLists handles API errors in response","status":"passed","title":"handles API errors in response","duration":0.1333750000000009,"failureMessages":[],"meta":{}},{"ancestorTitles":["TwitterClient lists","getOwnedLists"],"fullName":"TwitterClient lists getOwnedLists retries on 404 error after refreshing query IDs","status":"passed","title":"retries on 404 error after refreshing query IDs","duration":0.24904099999999119,"failureMessages":[],"meta":{}},{"ancestorTitles":["TwitterClient lists","getOwnedLists"],"fullName":"TwitterClient lists getOwnedLists skips list entries with missing id_str or name","status":"passed","title":"skips list entries with missing id_str or name","duration":0.23199999999999932,"failureMessages":[],"meta":{}},{"ancestorTitles":["TwitterClient lists","getOwnedLists"],"fullName":"TwitterClient lists getOwnedLists handles list with missing owner gracefully","status":"passed","title":"handles list with missing owner gracefully","duration":0.1738330000000019,"failureMessages":[],"meta":{}},{"ancestorTitles":["TwitterClient lists","getListMemberships"],"fullName":"TwitterClient lists getListMemberships fetches list memberships and parses list results","status":"passed","title":"fetches list memberships and parses list results","duration":0.20558400000000177,"failureMessages":[],"meta":{}},{"ancestorTitles":["TwitterClient lists","getListMemberships"],"fullName":"TwitterClient lists getListMemberships retries on 404 error after refreshing query IDs","status":"passed","title":"retries on 404 error after refreshing query IDs","duration":0.1438750000000084,"failureMessages":[],"meta":{}},{"ancestorTitles":["TwitterClient lists","getListTimeline"],"fullName":"TwitterClient lists getListTimeline fetches list timeline and parses tweet results","status":"passed","title":"fetches list timeline and parses tweet results","duration":0.37983300000000497,"failureMessages":[],"meta":{}},{"ancestorTitles":["TwitterClient lists","getListTimeline"],"fullName":"TwitterClient lists getListTimeline returns empty array when list has no tweets","status":"passed","title":"returns empty array when list has no tweets","duration":0.09991700000000492,"failureMessages":[],"meta":{}},{"ancestorTitles":["TwitterClient lists","getListTimeline"],"fullName":"TwitterClient lists getListTimeline returns error on API failure","status":"passed","title":"returns error on API failure","duration":0.07962500000000716,"failureMessages":[],"meta":{}},{"ancestorTitles":["TwitterClient lists","getListTimeline"],"fullName":"TwitterClient lists getListTimeline handles API errors in response","status":"passed","title":"handles API errors in response","duration":0.08029200000000003,"failureMessages":[],"meta":{}},{"ancestorTitles":["TwitterClient lists","getListTimeline"],"fullName":"TwitterClient lists getListTimeline retries on 404 error after refreshing query IDs","status":"passed","title":"retries on 404 error after refreshing query IDs","duration":0.1386669999999981,"failureMessages":[],"meta":{}}],"startTime":1768510002464,"endTime":1768510002469.38,"status":"passed","message":"","name":"/Users/jamiecraik/dev/xKit/tests/twitter-client.lists.test.ts"},{"assertionResults":[{"ancestorTitles":["TwitterClient uploadMedia"],"fullName":"TwitterClient uploadMedia uploads an image and sets alt text","status":"passed","title":"uploads an image and sets alt text","duration":9.450917000000004,"failureMessages":[],"meta":{}},{"ancestorTitles":["TwitterClient uploadMedia"],"fullName":"TwitterClient uploadMedia uploads a video and polls processing status","status":"passed","title":"uploads a video and polls processing status","duration":1002.2669579999999,"failureMessages":[],"meta":{}}],"startTime":1768510001102,"endTime":1768510002113.2668,"status":"passed","message":"","name":"/Users/jamiecraik/dev/xKit/tests/twitter-client.media.test.ts"},{"assertionResults":[{"ancestorTitles":["TwitterClient search"],"fullName":"TwitterClient search retries on 404 and posts search payload","status":"passed","title":"retries on 404 and posts search payload","duration":4.553250000000006,"failureMessages":[],"meta":{}},{"ancestorTitles":["TwitterClient search"],"fullName":"TwitterClient search refreshes query IDs when all search endpoints 404","status":"passed","title":"refreshes query IDs when all search endpoints 404","duration":0.294667000000004,"failureMessages":[],"meta":{}},{"ancestorTitles":["TwitterClient search"],"fullName":"TwitterClient search returns an unknown error when no query IDs are available","status":"passed","title":"returns an unknown error when no query IDs are available","duration":0.22837499999999977,"failureMessages":[],"meta":{}},{"ancestorTitles":["TwitterClient search"],"fullName":"TwitterClient search paginates search results using the bottom cursor","status":"passed","title":"paginates search results using the bottom cursor","duration":0.5304169999999999,"failureMessages":[],"meta":{}},{"ancestorTitles":["TwitterClient search"],"fullName":"TwitterClient search stops paginating when the cursor repeats","status":"passed","title":"stops paginating when the cursor repeats","duration":0.2695840000000089,"failureMessages":[],"meta":{}},{"ancestorTitles":["TwitterClient search"],"fullName":"TwitterClient search stops paginating when the next page is empty","status":"passed","title":"stops paginating when the next page is empty","duration":0.1753750000000025,"failureMessages":[],"meta":{}},{"ancestorTitles":["TwitterClient bookmarks"],"fullName":"TwitterClient bookmarks fetches bookmarks and parses tweet results","status":"passed","title":"fetches bookmarks and parses tweet results","duration":0.7351249999999965,"failureMessages":[],"meta":{}},{"ancestorTitles":["TwitterClient bookmarks"],"fullName":"TwitterClient bookmarks paginates bookmarks when fetching all","status":"passed","title":"paginates bookmarks when fetching all","duration":0.3617500000000007,"failureMessages":[],"meta":{}},{"ancestorTitles":["TwitterClient bookmarks"],"fullName":"TwitterClient bookmarks respects maxPages when fetching all","status":"passed","title":"respects maxPages when fetching all","duration":0.17858400000000074,"failureMessages":[],"meta":{}},{"ancestorTitles":["TwitterClient bookmarks"],"fullName":"TwitterClient bookmarks does not return a stale cursor when pagination ends","status":"passed","title":"does not return a stale cursor when pagination ends","duration":0.21787500000000648,"failureMessages":[],"meta":{}},{"ancestorTitles":["TwitterClient bookmarks"],"fullName":"TwitterClient bookmarks treats graphql errors as non-fatal when instructions are present","status":"passed","title":"treats graphql errors as non-fatal when instructions are present","duration":0.14562500000000966,"failureMessages":[],"meta":{}},{"ancestorTitles":["TwitterClient bookmark folders"],"fullName":"TwitterClient bookmark folders fetches bookmark folder timeline and parses tweet results","status":"passed","title":"fetches bookmark folder timeline and parses tweet results","duration":0.4375,"failureMessages":[],"meta":{}},{"ancestorTitles":["TwitterClient bookmark folders"],"fullName":"TwitterClient bookmark folders retries without count when API rejects the count variable","status":"passed","title":"retries without count when API rejects the count variable","duration":0.2605829999999969,"failureMessages":[],"meta":{}}],"startTime":1768510002381,"endTime":1768510002389.4375,"status":"passed","message":"","name":"/Users/jamiecraik/dev/xKit/tests/twitter-client.search-bookmarks.test.ts"},{"assertionResults":[{"ancestorTitles":["getCliVersion"],"fullName":"getCliVersion reads package.json version when available","status":"passed","title":"reads package.json version when available","duration":0.9652080000000041,"failureMessages":[],"meta":{}},{"ancestorTitles":["getCliVersion"],"fullName":"getCliVersion formats injected version + sha","status":"passed","title":"formats injected version + sha","duration":0.12895799999999724,"failureMessages":[],"meta":{}},{"ancestorTitles":["getCliVersion"],"fullName":"getCliVersion resolves package.json version from importMetaUrl root","status":"passed","title":"resolves package.json version from importMetaUrl root","duration":1.7025830000000042,"failureMessages":[],"meta":{}},{"ancestorTitles":["getCliVersion"],"fullName":"getCliVersion falls back to VERSION file when package.json missing","status":"passed","title":"falls back to VERSION file when package.json missing","duration":1.4181250000000034,"failureMessages":[],"meta":{}},{"ancestorTitles":["getCliVersion"],"fullName":"getCliVersion falls back to VERSION file when package.json has no version","status":"passed","title":"falls back to VERSION file when package.json has no version","duration":1.4405410000000103,"failureMessages":[],"meta":{}},{"ancestorTitles":["getCliVersion"],"fullName":"getCliVersion falls back to unknown when no version files exist","status":"passed","title":"falls back to unknown when no version files exist","duration":1.7538330000000002,"failureMessages":[],"meta":{}},{"ancestorTitles":["getCliVersion"],"fullName":"getCliVersion returns null when git HEAD is missing","status":"passed","title":"returns null when git HEAD is missing","duration":1.1082080000000047,"failureMessages":[],"meta":{}},{"ancestorTitles":["getCliVersion"],"fullName":"getCliVersion returns null when git ref cannot be resolved","status":"passed","title":"returns null when git ref cannot be resolved","duration":1.4675000000000011,"failureMessages":[],"meta":{}},{"ancestorTitles":["getCliVersion"],"fullName":"getCliVersion resolves git sha from .git directory HEAD","status":"passed","title":"resolves git sha from .git directory HEAD","duration":1.5436660000000018,"failureMessages":[],"meta":{}},{"ancestorTitles":["getCliVersion"],"fullName":"getCliVersion resolves git sha from ref file and packed-refs","status":"passed","title":"resolves git sha from ref file and packed-refs","duration":3.494624999999999,"failureMessages":[],"meta":{}},{"ancestorTitles":["getCliVersion"],"fullName":"getCliVersion resolves git sha from .git file gitdir pointer","status":"passed","title":"resolves git sha from .git file gitdir pointer","duration":1.9915419999999955,"failureMessages":[],"meta":{}},{"ancestorTitles":["getCliVersion"],"fullName":"getCliVersion returns null when no git directory exists","status":"passed","title":"returns null when no git directory exists","duration":1.2461250000000064,"failureMessages":[],"meta":{}},{"ancestorTitles":["getCliVersion"],"fullName":"getCliVersion formats version line with version + sha when both available","status":"passed","title":"formats version line with version + sha when both available","duration":1.6461249999999978,"failureMessages":[],"meta":{}},{"ancestorTitles":["getCliVersion"],"fullName":"getCliVersion returns a CLI version string","status":"passed","title":"returns a CLI version string","duration":0.7142079999999993,"failureMessages":[],"meta":{}}],"startTime":1768510001897,"endTime":1768510001917.714,"status":"passed","message":"","name":"/Users/jamiecraik/dev/xKit/tests/version.test.ts"},{"assertionResults":[{"ancestorTitles":["AnalysisEngine - Error Handling Property Tests"],"fullName":"AnalysisEngine - Error Handling Property Tests Property 20: should write partial results with error summary on critical failure","status":"passed","title":"Property 20: should write partial results with error summary on critical failure","duration":176.011375,"failureMessages":[],"meta":{}},{"ancestorTitles":["AnalysisEngine - Error Handling Property Tests"],"fullName":"AnalysisEngine - Error Handling Property Tests should continue processing all bookmarks despite analyzer failures","status":"passed","title":"should continue processing all bookmarks despite analyzer failures","duration":335.356083,"failureMessages":[],"meta":{}}],"startTime":1768510001174,"endTime":1768510001685.3562,"status":"passed","message":"","name":"/Users/jamiecraik/dev/xKit/tests/bookmark-analysis/analysis-engine-error-handling.property.test.ts"},{"assertionResults":[{"ancestorTitles":["AnalysisEngine - Error Handling","Error logging with context (Requirement 8.2)"],"fullName":"AnalysisEngine - Error Handling Error logging with context (Requirement 8.2) should log errors with context when analyzer fails","status":"passed","title":"should log errors with context when analyzer fails","duration":6.257542000000001,"failureMessages":[],"meta":{}},{"ancestorTitles":["AnalysisEngine - Error Handling","Error logging with context (Requirement 8.2)"],"fullName":"AnalysisEngine - Error Handling Error logging with context (Requirement 8.2) should track errors in error summary","status":"passed","title":"should track errors in error summary","duration":1.1056249999999892,"failureMessages":[],"meta":{}},{"ancestorTitles":["AnalysisEngine - Error Handling","Error logging with context (Requirement 8.2)"],"fullName":"AnalysisEngine - Error Handling Error logging with context (Requirement 8.2) should continue processing remaining bookmarks after error","status":"passed","title":"should continue processing remaining bookmarks after error","duration":1.2990410000000026,"failureMessages":[],"meta":{}},{"ancestorTitles":["AnalysisEngine - Error Handling","Error summary in metadata (Requirement 8.2)"],"fullName":"AnalysisEngine - Error Handling Error summary in metadata (Requirement 8.2) should include error summary in metadata when errors occur","status":"passed","title":"should include error summary in metadata when errors occur","duration":2.3275000000000006,"failureMessages":[],"meta":{}},{"ancestorTitles":["AnalysisEngine - Error Handling","Error summary in metadata (Requirement 8.2)"],"fullName":"AnalysisEngine - Error Handling Error summary in metadata (Requirement 8.2) should not include error summary when no errors occur","status":"passed","title":"should not include error summary when no errors occur","duration":1.0750829
[...]
ges":[],"meta":{}},{"ancestorTitles":["ProgressReporter","reset"],"fullName":"ProgressReporter reset should not change total if not provided","status":"passed","title":"should not change total if not provided","duration":0.06029099999999232,"failureMessages":[],"meta":{}},{"ancestorTitles":["ProgressReporter","edge cases"],"fullName":"ProgressReporter edge cases should handle processing more items than total","status":"passed","title":"should handle processing more items than total","duration":0.0835000000000008,"failureMessages":[],"meta":{}},{"ancestorTitles":["ProgressReporter","edge cases"],"fullName":"ProgressReporter edge cases should handle very fast processing (< 1ms per item)","status":"passed","title":"should handle very fast processing (< 1ms per item)","duration":0.11775000000000091,"failureMessages":[],"meta":{}},{"ancestorTitles":["ProgressReporter","edge cases"],"fullName":"ProgressReporter edge cases should handle zero processed items","status":"passed","title":"should handle zero processed items","duration":0.07645800000000236,"failureMessages":[],"meta":{}},{"ancestorTitles":["ProgressReporter","requirements validation"],"fullName":"ProgressReporter requirements validation should validate Requirement 9.1: Output progress updates at regular intervals","status":"passed","title":"should validate Requirement 9.1: Output progress updates at regular intervals","duration":0.0936670000000106,"failureMessages":[],"meta":{}},{"ancestorTitles":["ProgressReporter","requirements validation"],"fullName":"ProgressReporter requirements validation should validate Requirement 9.2: Display processed count and estimated time remaining","status":"passed","title":"should validate Requirement 9.2: Display processed count and estimated time remaining","duration":0.07729199999999992,"failureMessages":[],"meta":{}},{"ancestorTitles":["ProgressReporter","requirements validation"],"fullName":"ProgressReporter requirements validation should validate Requirement 9.3: Display completion summary with total, duration, file location","status":"passed","title":"should validate Requirement 9.3: Display completion summary with total, duration, file location","duration":0.09904199999999719,"failureMessages":[],"meta":{}},{"ancestorTitles":["ProgressReporter","requirements validation"],"fullName":"ProgressReporter requirements validation should validate Requirement 2.4: Log the total number of bookmarks exported","status":"passed","title":"should validate Requirement 2.4: Log the total number of bookmarks exported","duration":0.07162499999999739,"failureMessages":[],"meta":{}}],"startTime":1768510002494,"endTime":1768510002498.1177,"status":"passed","message":"","name":"/Users/jamiecraik/dev/xKit/tests/bookmark-export/progress-reporter.test.ts"},{"assertionResults":[{"ancestorTitles":["RateLimiter","Constructor"],"fullName":"RateLimiter Constructor should create a RateLimiter with default values","status":"passed","title":"should create a RateLimiter with default values","duration":0.6049999999999898,"failureMessages":[],"meta":{}},{"ancestorTitles":["RateLimiter","Constructor"],"fullName":"RateLimiter Constructor should create a RateLimiter with custom values","status":"passed","title":"should create a RateLimiter with custom values","duration":0.08354199999999423,"failureMessages":[],"meta":{}},{"ancestorTitles":["RateLimiter","updateLimit()"],"fullName":"RateLimiter updateLimit() should store rate limit information for an endpoint","status":"passed","title":"should store rate limit information for an endpoint","duration":0.24837499999998158,"failureMessages":[],"meta":{}},{"ancestorTitles":["RateLimiter","updateLimit()"],"fullName":"RateLimiter updateLimit() should update existing rate limit information","status":"passed","title":"should update existing rate limit information","duration":0.08558300000001395,"failureMessages":[],"meta":{}},{"ancestorTitles":["RateLimiter","updateLimit()"],"fullName":"RateLimiter updateLimit() should track multiple endpoints independently","status":"passed","title":"should track multiple endpoints independently","duration":0.08258299999999963,"failureMessages":[],"meta":{}},{"ancestorTitles":["RateLimiter","checkLimit()"],"fullName":"RateLimiter checkLimit() should proceed immediately when no rate limit info exists","status":"passed","title":"should proceed immediately when no rate limit info exists","duration":0.07604200000000105,"failureMessages":[],"meta":{}},{"ancestorTitles":["RateLimiter","checkLimit()"],"fullName":"RateLimiter checkLimit() should proceed immediately when remaining requests > 0","status":"passed","title":"should proceed immediately when remaining requests > 0","duration":0.05491599999999153,"failureMessages":[],"meta":{}},{"ancestorTitles":["RateLimiter","checkLimit()"],"fullName":"RateLimiter checkLimit() should wait when remaining requests = 0","status":"passed","title":"should wait when remaining requests = 0","duration":0.813416999999987,"failureMessages":[],"meta":{}},{"ancestorTitles":["RateLimiter","checkLimit()"],"fullName":"RateLimiter checkLimit() should not wait if reset time has already passed","status":"passed","title":"should not wait if reset time has already passed","duration":0.06187500000001478,"failureMessages":[],"meta":{}},{"ancestorTitles":["RateLimiter","waitIfNeeded()"],"fullName":"RateLimiter waitIfNeeded() should use default endpoint when none specified","status":"passed","title":"should use default endpoint when none specified","duration":0.07099999999999795,"failureMessages":[],"meta":{}},{"ancestorTitles":["RateLimiter","waitIfNeeded()"],"fullName":"RateLimiter waitIfNeeded() should wait for specified endpoint","status":"passed","title":"should wait for specified endpoint","duration":0.24954199999999105,"failureMessages":[],"meta":{}},{"ancestorTitles":["RateLimiter","getRateLimit()"],"fullName":"RateLimiter getRateLimit() should return undefined for unknown endpoint","status":"passed","title":"should return undefined for unknown endpoint","duration":0.10058399999999779,"failureMessages":[],"meta":{}},{"ancestorTitles":["RateLimiter","getRateLimit()"],"fullName":"RateLimiter getRateLimit() should return stored rate limit info","status":"passed","title":"should return stored rate limit info","duration":0.058583999999996195,"failureMessages":[],"meta":{}},{"ancestorTitles":["RateLimiter","clearLimit()"],"fullName":"RateLimiter clearLimit() should remove rate limit info for an endpoint","status":"passed","title":"should remove rate limit info for an endpoint","duration":0.1017089999999996,"failureMessages":[],"meta":{}},{"ancestorTitles":["RateLimiter","clearLimit()"],"fullName":"RateLimiter clearLimit() should not affect other endpoints","status":"passed","title":"should not affect other endpoints","duration":0.06504200000000537,"failureMessages":[],"meta":{}},{"ancestorTitles":["RateLimiter","clearAllLimits()"],"fullName":"RateLimiter clearAllLimits() should remove all rate limit info","status":"passed","title":"should remove all rate limit info","duration":0.10145799999997962,"failureMessages":[],"meta":{}},{"ancestorTitles":["RateLimiter","Edge Cases"],"fullName":"RateLimiter Edge Cases should handle rate limit with resetAt = 0","status":"passed","title":"should handle rate limit with resetAt = 0","duration":0.05666600000000699,"failureMessages":[],"meta":{}},{"ancestorTitles":["RateLimiter","Edge Cases"],"fullName":"RateLimiter Edge Cases should handle rate limit with negative remaining","status":"passed","title":"should handle rate limit with negative remaining","duration":0.4334580000000017,"failureMessages":[],"meta":{}},{"ancestorTitles":["RateLimiter","Edge Cases"],"fullName":"RateLimiter Edge Cases should handle very large resetAt values","status":"passed","title":"should handle very large resetAt values","duration":0.10229100000000813,"failureMessages":[],"meta":{}},{"ancestorTitles":["RateLimiter","Property-Based Tests"],"fullName":"RateLimiter Property-Based Tests Property 4: Should wait at least the reset period when rate limited","status":"passed","title":"Property 4: Should wait at least the reset period when rate limited","duration":105.437333,"failureMessages":[],"meta":{}},{"ancestorTitles":["RateLimiter","Property-Based Tests"],"fullName":"RateLimiter Property-Based Tests Property: Should never wait when remaining > 0","status":"passed","title":"Property: Should never wait when remaining > 0","duration":1.850625000000008,"failureMessages":[],"meta":{}},{"ancestorTitles":["RateLimiter","Property-Based Tests"],"fullName":"RateLimiter Property-Based Tests Property: Should handle multiple endpoints independently","status":"passed","title":"Property: Should handle multiple endpoints independently","duration":10.236291999999992,"failureMessages":[],"meta":{}},{"ancestorTitles":["RateLimiter","Property-Based Tests"],"fullName":"RateLimiter Property-Based Tests Property: getRateLimit should return what was set with updateLimit","status":"passed","title":"Property: getRateLimit should return what was set with updateLimit","duration":1.2071249999999907,"failureMessages":[],"meta":{}},{"ancestorTitles":["RateLimiter","Property-Based Tests"],"fullName":"RateLimiter Property-Based Tests Property: clearLimit should remove only the specified endpoint","status":"passed","title":"Property: clearLimit should remove only the specified endpoint","duration":4.707292000000024,"failureMessages":[],"meta":{}}],"startTime":1768510001564,"endTime":1768510001691.7073,"status":"passed","message":"","name":"/Users/jamiecraik/dev/xKit/tests/bookmark-export/rate-limiter.test.ts"},{"assertionResults":[{"ancestorTitles":["Bookmark Export Schema Validation"],"fullName":"Bookmark Export Schema Validation should validate a correct export","status":"passed","title":"should validate a correct export","duration":3.6403749999999775,"failureMessages":[],"meta":{}},{"ancestorTitles":["Bookmark Export Schema Validation"],"fullName":"Bookmark Export Schema Validation should reject export with missing metadata fields","status":"passed","title":"should reject export with missing metadata fields","duration":0.1475420000000156,"failureMessages":[],"meta":{}},{"ancestorTitles":["Bookmark Export Schema Validation"],"fullName":"Bookmark Export Schema Validation should reject export with missing bookmark fields","status":"passed","title":"should reject export with missing bookmark fields","duration":0.11891599999998448,"failureMessages":[],"meta":{}},{"ancestorTitles":["Bookmark Export Schema Validation"],"fullName":"Bookmark Export Schema Validation should reject export with negative counts","status":"passed","title":"should reject export with negative counts","duration":0.10541700000001697,"failureMessages":[],"meta":{}}],"startTime":1768510002694,"endTime":1768510002697.6404,"status":"passed","message":"","name":"/Users/jamiecraik/dev/xKit/tests/bookmark-export/schema-validator.test.ts"},{"assertionResults":[{"ancestorTitles":["Bookmark Export Types"],"fullName":"Bookmark Export Types should create a valid BookmarkRecord","status":"passed","title":"should create a valid BookmarkRecord","duration":0.4677499999999952,"failureMessages":[],"meta":{}},{"ancestorTitles":["Bookmark Export Types"],"fullName":"Bookmark Export Types should create valid ExportMetadata","status":"passed","title":"should create valid ExportMetadata","duration":0.08033399999999347,"failureMessages":[],"meta":{}},{"ancestorTitles":["Bookmark Export Types"],"fullName":"Bookmark Export Types should create a valid BookmarkExport","status":"passed","title":"should create a valid BookmarkExport","duration":0.3526250000000033,"failureMessages":[],"meta":{}}],"startTime":1768510002964,"endTime":1768510002965.3525,"status":"passed","message":"","name":"/Users/jamiecraik/dev/xKit/tests/bookmark-export/types.test.ts"},{"assertionResults":[{"ancestorTitles":["XAPIClient Authentication","authenticate()"],"fullName":"XAPIClient Authentication authenticate() should successfully authenticate with valid OAuth 1.0a credentials","status":"passed","title":"should successfully authenticate with valid OAuth 1.0a credentials","duration":3.592375000000004,"failureMessages":[],"meta":{}},{"ancestorTitles":["XAPIClient Authentication","authenticate()"],"fullName":"XAPIClient Authentication authenticate() should successfully authenticate with valid OAuth 2.0 credentials","status":"passed","title":"should successfully authenticate with valid OAuth 2.0 credentials","duration":0.24254200000001447,"failureMessages":[],"meta":{}},{"ancestorTitles":["XAPIClient Authentication","authenticate()"],"fullName":"XAPIClient Authentication authenticate() should throw error when API key is missing","status":"passed","title":"should throw error when API key is missing","duration":0.6971670000000074,"failureMessages":[],"meta":{}},{"ancestorTitles":["XAPIClient Authentication","authenticate()"],"fullName":"XAPIClient Authentication authenticate() should throw error when API secret is missing","status":"passed","title":"should throw error when API secret is missing","duration":0.17708300000001032,"failureMessages":[],"meta":{}},{"ancestorTitles":["XAPIClient Authentication","authenticate()"],"fullName":"XAPIClient Authentication authenticate() should throw descriptive error when authentication fails","status":"passed","title":"should throw descriptive error when authentication fails","duration":0.19558299999999917,"failureMessages":[],"meta":{}},{"ancestorTitles":["XAPIClient Authentication","authenticate()"],"fullName":"XAPIClient Authentication authenticate() should handle network errors during authentication","status":"passed","title":"should handle network errors during authentication","duration":74.0505,"failureMessages":[],"meta":{}},{"ancestorTitles":["XAPIClient Authentication","getUserInfo()"],"fullName":"XAPIClient Authentication getUserInfo() should successfully retrieve user information","status":"passed","title":"should successfully retrieve user information","duration":0.6169170000000008,"failureMessages":[],"meta":{}},{"ancestorTitles":["XAPIClient Authentication","getUserInfo()"],"fullName":"XAPIClient Authentication getUserInfo() should throw error when user info request fails","status":"passed","title":"should throw error when user info request fails","duration":0.26499999999998636,"failureMessages":[],"meta":{}},{"ancestorTitles":["XAPIClient Authentication","getBookmarks()"],"fullName":"XAPIClient Authentication getBookmarks() should successfully fetch bookmarks and transform to BookmarkRecord format","status":"passed","title":"should successfully fetch bookmarks and transform to BookmarkRecord format","duration":0.5786669999999958,"failureMessages":[],"meta":{}},{"ancestorTitles":["XAPIClient Authentication","getBookmarks()"],"fullName":"XAPIClient Authentication getBookmarks() should handle pagination with cursor parameter","status":"passed","title":"should handle pagination with cursor parameter","duration":0.4785829999999578,"failureMessages":[],"meta":{}},{"ancestorTitles":["XAPIClient Authentication","getBookmarks()"],"fullName":"XAPIClient Authentication getBookmarks() should construct tweet URL when no expanded URL is available","status":"passed","title":"should construct tweet URL when no expanded URL is available","duration":0.09500000000002728,"failureMessages":[],"meta":{}},{"ancestorTitles":["XAPIClient Authentication","getBookmarks()"],"fullName":"XAPIClient Authentication getBookmarks() should handle missing optional fields with default values","status":"passed","title":"should handle missing optional fields with default values","duration":0.10845799999998462,"failureMessages":[],"meta":{}},{"ancestorTitles":["XAPIClient Authentication","getBookmarks()"],"fullName":"XAPIClient Authentication getBookmarks() should skip bookmarks with missing author information","status":"passed","title":"should skip bookmarks with missing author information","duration":0.12954199999995808,"failureMessages":[],"meta":{}},{"ancestorTitles":["XAPIClient Authentication","getBookmarks()"],"fullName":"XAPIClient Authentication getBookmarks() should handle empty bookmark response","status":"passed","title":"should handle empty bookmark response","duration":0.09504199999997809,"failureMessages":[],"meta":{}},{"ancestorTitles":["XAPIClient Authentication","getBookmarks()"],"fullName":"XAPIClient Authentication getBookmarks() should throw error when bookmark request fails","status":"passed","title":"should throw error when bookmark request fails","duration":0.14379100000002154,"failureMessages":[],"meta":{}},{"ancestorTitles":["XAPIClient Authentication","Property-Based Tests"],"fullName":"XAPIClient Authentication Property-Based Tests Property 1: All bookmarks should contain all required fields","status":"passed","title":"Property 1: All bookmarks should contain all required fields","duration":560.177833,"failureMessages":[],"meta":{}}],"startTime":1768510000971,"endTime":1768510001613.1777,"status":"passed","message":"","name":"/Users/jamiecraik/dev/xKit/tests/bookmark-export/xapi-client.test.ts"},{"assertionResults":[{"ancestorTitles":["live CLI (Twitter/X)"],"fullName":"live CLI (Twitter/X) requires env credentials + built dist CLI","status":"skipped","title":"requires env credentials + built dist CLI","failureMessages":[],"meta":{}},{"ancestorTitles":["live CLI (Twitter/X)"],"fullName":"live CLI (Twitter/X) whoami works","status":"skipped","title":"whoami works","failureMessages":[],"meta":{}},{"ancestorTitles":["live CLI (Twitter/X)"],"fullName":"live CLI (Twitter/X) read returns tweet JSON","status":"skipped","title":"read returns tweet JSON","failureMessages":[],"meta":{}},{"ancestorTitles":["live CLI (Twitter/X)"],"fullName":"live CLI (Twitter/X) tweet-id shorthand returns tweet JSON","status":"skipped","title":"tweet-id shorthand returns tweet JSON","failureMessages":[],"meta":{}},{"ancestorTitles":["live CLI (Twitter/X)"],"fullName":"live CLI (Twitter/X) replies returns JSON array","status":"skipped","title":"replies returns JSON array","failureMessages":[],"meta":{}},{"ancestorTitles":["live CLI (Twitter/X)"],"fullName":"live CLI (Twitter/X) thread returns JSON array","status":"skipped","title":"thread returns JSON array","failureMessages":[],"meta":{}},{"ancestorTitles":["live CLI (Twitter/X)"],"fullName":"live CLI (Twitter/X) mentions returns JSON array","status":"skipped","title":"mentions returns JSON array","failureMessages":[],"meta":{}},{"ancestorTitles":["live CLI (Twitter/X)"],"fullName":"live CLI (Twitter/X) bookmarks returns JSON array","status":"skipped","title":"bookmarks returns JSON array","failureMessages":[],"meta":{}},{"ancestorTitles":["live CLI (Twitter/X)"],"fullName":"live CLI (Twitter/X) bookmarks --folder-id works (opt-in)","status":"skipped","title":"bookmarks --folder-id works (opt-in)","failureMessages":[],"meta":{}},{"ancestorTitles":["live CLI (Twitter/X)"],"fullName":"live CLI (Twitter/X) likes returns JSON array","status":"skipped","title":"likes returns JSON array","failureMessages":[],"meta":{}},{"ancestorTitles":["live CLI (Twitter/X)"],"fullName":"live CLI (Twitter/X) following returns JSON array","status":"skipped","title":"following returns JSON array","failureMessages":[],"meta":{}},{"ancestorTitles":["live CLI (Twitter/X)"],"fullName":"live CLI (Twitter/X) followers returns JSON array","status":"skipped","title":"followers returns JSON array","failureMessages":[],"meta":{}},{"ancestorTitles":["live CLI (Twitter/X)"],"fullName":"live CLI (Twitter/X) query-ids returns JSON","status":"skipped","title":"query-ids returns JSON","failureMessages":[],"meta":{}},{"ancestorTitles":["live CLI (Twitter/X)"],"fullName":"live CLI (Twitter/X) query-ids --fresh works (opt-in)","status":"skipped","title":"query-ids --fresh works (opt-in)","failureMessages":[],"meta":{}}],"startTime":1768510000702,"endTime":1768510000702,"status":"passed","message":"","name":"/Users/jamiecraik/dev/xKit/tests/live/live.test.ts"}]}